2026-02-26 21:24:13 | INFO  | NAS Retrain Started at 2026-02-26T21:24:13.812601
2026-02-26 21:24:13 | INFO  | Genotype loaded from nas_results/search/genotype_final.json
2026-02-26 21:24:13 | INFO  |   Normal: [('dil_conv_3x3', 0), ('dil_conv_5x5', 1), ('dil_conv_5x5', 2), ('dil_conv_3x3', 1), ('dil_conv_5x5', 1), ('dil_conv_5x5', 0), ('dil_conv_5x5', 0), ('dil_conv_3x3', 1)]
2026-02-26 21:24:13 | INFO  |   Reduce: [('dil_conv_5x5', 1), ('dil_conv_5x5', 0), ('dil_conv_3x3', 0), ('dil_conv_5x5', 2), ('dil_conv_3x3', 0), ('dil_conv_5x5', 2), ('dil_conv_5x5', 1), ('dil_conv_5x5', 2)]
2026-02-26 21:24:14 | INFO  | 
Model Architecture:
2026-02-26 21:24:14 | INFO  |   C_init     : 6
2026-02-26 21:24:14 | INFO  |   Cells      : 8
2026-02-26 21:24:14 | INFO  |   Auxiliary   : True
2026-02-26 21:24:14 | INFO  |   Parameters : 254,050
2026-02-26 21:24:14 | INFO  | 
Module                                         Params      %
------------------------------------------------------------
  stem                                            522   0.2%
  cells                                        52,500  20.7%
  _auxiliary_head                             120,130  47.3%
  global_pooling                                    0   0.0%
  dropout                                           0   0.0%
  classifier                                   80,898  31.8%
------------------------------------------------------------
  TOTAL                                       254,050 100.0%
2026-02-26 21:24:14 | INFO  |   ✓ Within target range [250,000, 400,000]
2026-02-26 21:24:14 | INFO  | 
============================================================
2026-02-26 21:24:14 | INFO  |   Training: 300 epochs
2026-02-26 21:24:14 | INFO  |   LR: 0.001, Weight Decay: 0.05
2026-02-26 21:24:14 | INFO  |   Warmup: 10 epochs
2026-02-26 21:24:14 | INFO  |   DropPath: 0 → 0.2
2026-02-26 21:24:14 | INFO  |   CutOut: 16px
2026-02-26 21:24:14 | INFO  |   Batch: 64
2026-02-26 21:24:14 | INFO  | ============================================================
2026-02-26 21:24:44 | INFO  |   E   1/300 │ train_loss=9.4311  acc=0.0014 │ val_loss=6.7291  acc=0.0012 │ lr=0.000109  dp=0.001  30.2s *** BEST
2026-02-26 21:25:13 | INFO  |   E   2/300 │ train_loss=9.4293  acc=0.0018 │ val_loss=6.7263  acc=0.0012 │ lr=0.000208  dp=0.001  29.2s *** BEST
2026-02-26 21:25:42 | INFO  |   E   3/300 │ train_loss=9.4201  acc=0.0009 │ val_loss=6.7149  acc=0.0036 │ lr=0.000307  dp=0.002  28.9s *** BEST
2026-02-26 21:26:11 | INFO  |   E   4/300 │ train_loss=9.3836  acc=0.0029 │ val_loss=6.6357  acc=0.0048 │ lr=0.000406  dp=0.003  29.0s *** BEST
2026-02-26 21:26:40 | INFO  |   E   5/300 │ train_loss=9.2782  acc=0.0048 │ val_loss=6.5176  acc=0.0072 │ lr=0.000505  dp=0.003  29.0s *** BEST
2026-02-26 21:29:05 | INFO  |   E  10/300 │ train_loss=8.4849  acc=0.0312 │ val_loss=6.3645  acc=0.0132 │ lr=0.001000  dp=0.007  29.0s
2026-02-26 21:33:56 | INFO  |   E  20/300 │ train_loss=7.1163  acc=0.2133 │ val_loss=5.1262  acc=0.1727 │ lr=0.000997  dp=0.013  29.0s *** BEST
2026-02-26 21:38:46 | INFO  |   E  30/300 │ train_loss=6.0506  acc=0.4964 │ val_loss=4.9657  acc=0.2146 │ lr=0.000988  dp=0.020  29.1s
2026-02-26 21:43:37 | INFO  |   E  40/300 │ train_loss=5.2023  acc=0.7045 │ val_loss=3.8204  acc=0.5707 │ lr=0.000974  dp=0.027  29.0s
2026-02-26 21:48:27 | INFO  |   E  50/300 │ train_loss=4.6703  acc=0.8211 │ val_loss=3.0761  acc=0.8465 │ lr=0.000954  dp=0.033  29.0s *** BEST
2026-02-26 21:53:17 | INFO  |   E  60/300 │ train_loss=4.3432  acc=0.8800 │ val_loss=2.8610  acc=0.9053 │ lr=0.000929  dp=0.040  29.0s *** BEST
2026-02-26 21:58:07 | INFO  |   E  70/300 │ train_loss=4.1412  acc=0.9112 │ val_loss=2.8462  acc=0.8993 │ lr=0.000898  dp=0.047  29.0s
2026-02-26 22:02:57 | INFO  |   E  80/300 │ train_loss=4.0160  acc=0.9294 │ val_loss=2.6336  acc=0.9520 │ lr=0.000863  dp=0.053  28.9s *** BEST
2026-02-26 22:07:48 | INFO  |   E  90/300 │ train_loss=3.9293  acc=0.9384 │ val_loss=2.6576  acc=0.9341 │ lr=0.000824  dp=0.060  29.1s
2026-02-26 22:12:38 | INFO  |   E 100/300 │ train_loss=3.8720  acc=0.9479 │ val_loss=2.5716  acc=0.9604 │ lr=0.000781  dp=0.067  29.0s *** BEST
2026-02-26 22:17:28 | INFO  |   E 110/300 │ train_loss=3.8372  acc=0.9530 │ val_loss=2.5094  acc=0.9664 │ lr=0.000734  dp=0.073  29.0s *** BEST
2026-02-26 22:22:18 | INFO  |   E 120/300 │ train_loss=3.8088  acc=0.9576 │ val_loss=2.5397  acc=0.9616 │ lr=0.000685  dp=0.080  29.0s
2026-02-26 22:27:08 | INFO  |   E 130/300 │ train_loss=3.8004  acc=0.9569 │ val_loss=2.6153  acc=0.9376 │ lr=0.000634  dp=0.087  29.1s
2026-02-26 22:31:59 | INFO  |   E 140/300 │ train_loss=3.7769  acc=0.9591 │ val_loss=2.4677  acc=0.9784 │ lr=0.000581  dp=0.093  28.9s *** BEST
2026-02-26 22:36:48 | INFO  |   E 150/300 │ train_loss=3.7611  acc=0.9597 │ val_loss=2.4878  acc=0.9736 │ lr=0.000528  dp=0.100  29.0s
2026-02-26 22:41:39 | INFO  |   E 160/300 │ train_loss=3.7640  acc=0.9608 │ val_loss=2.4495  acc=0.9736 │ lr=0.000473  dp=0.107  29.1s *** BEST
2026-02-26 22:46:29 | INFO  |   E 170/300 │ train_loss=3.7717  acc=0.9576 │ val_loss=2.4381  acc=0.9808 │ lr=0.000420  dp=0.113  28.9s *** BEST
2026-02-26 22:51:19 | INFO  |   E 180/300 │ train_loss=3.7577  acc=0.9642 │ val_loss=2.4260  acc=0.9868 │ lr=0.000367  dp=0.120  28.9s *** BEST
2026-02-26 22:56:09 | INFO  |   E 190/300 │ train_loss=3.7545  acc=0.9608 │ val_loss=2.4385  acc=0.9784 │ lr=0.000316  dp=0.127  29.0s
2026-02-26 23:01:00 | INFO  |   E 200/300 │ train_loss=3.7637  acc=0.9572 │ val_loss=2.4202  acc=0.9808 │ lr=0.000267  dp=0.133  29.0s
2026-02-26 23:05:50 | INFO  |   E 210/300 │ train_loss=3.7608  acc=0.9614 │ val_loss=2.4295  acc=0.9844 │ lr=0.000220  dp=0.140  28.8s
2026-02-26 23:10:40 | INFO  |   E 220/300 │ train_loss=3.7884  acc=0.9581 │ val_loss=2.4153  acc=0.9856 │ lr=0.000177  dp=0.147  29.0s
2026-02-26 23:15:30 | INFO  |   E 230/300 │ train_loss=3.7968  acc=0.9585 │ val_loss=2.4250  acc=0.9832 │ lr=0.000138  dp=0.153  28.9s
2026-02-26 23:20:20 | INFO  |   E 240/300 │ train_loss=3.7929  acc=0.9591 │ val_loss=2.4138  acc=0.9892 │ lr=0.000103  dp=0.160  29.0s
2026-02-26 23:25:10 | INFO  |   E 250/300 │ train_loss=3.8073  acc=0.9572 │ val_loss=2.4176  acc=0.9904 │ lr=0.000072  dp=0.167  29.0s
2026-02-26 23:30:00 | INFO  |   E 260/300 │ train_loss=3.8395  acc=0.9528 │ val_loss=2.4181  acc=0.9880 │ lr=0.000047  dp=0.173  29.0s
2026-02-26 23:34:50 | INFO  |   E 270/300 │ train_loss=3.8577  acc=0.9482 │ val_loss=2.4232  acc=0.9856 │ lr=0.000027  dp=0.180  29.0s
2026-02-26 23:39:40 | INFO  |   E 280/300 │ train_loss=3.8797  acc=0.9435 │ val_loss=2.4292  acc=0.9892 │ lr=0.000013  dp=0.187  29.0s
2026-02-26 23:44:30 | INFO  |   E 290/300 │ train_loss=3.8937  acc=0.9456 │ val_loss=2.4263  acc=0.9856 │ lr=0.000004  dp=0.193  29.0s
2026-02-26 23:49:21 | INFO  |   E 300/300 │ train_loss=3.9315  acc=0.9346 │ val_loss=2.4305  acc=0.9856 │ lr=0.000001  dp=0.200  29.0s
2026-02-26 23:49:21 | INFO  | 
Training completed in 145.1 min
2026-02-26 23:49:21 | INFO  | Best val_loss: 2.403145 at epoch 214
2026-02-26 23:49:21 | INFO  | 
── Evaluating best model (epoch 214) ──
2026-02-26 23:49:29 | INFO  | 
  Test Results (NAS-PDARTS):
2026-02-26 23:49:29 | INFO  |     Accuracy  : 98.80%
2026-02-26 23:49:29 | INFO  |     Precision : 0.9820
2026-02-26 23:49:29 | INFO  |     Recall    : 0.9880
2026-02-26 23:49:29 | INFO  |     F1 Score  : 0.9840
2026-02-26 23:49:29 | INFO  |     AUC       : 0.9999769692049482
2026-02-26 23:49:29 | INFO  |     EER       : 2.3030795052432118e-05
2026-02-26 23:49:29 | INFO  |     Params    : 254,050
2026-02-26 23:49:29 | INFO  |     Size      : 0.98 MB
2026-02-26 23:49:29 | INFO  |     FLOPs     : 530.5 M
2026-02-26 23:49:29 | INFO  | 
Generating plots...
2026-02-26 23:49:40 | INFO  | 
── Evaluating last model (epoch 300) ──
