2026-02-21 12:47:23 | INFO  | P-DARTS Search Started at 2026-02-21T12:47:23.222103
2026-02-21 12:47:23 | INFO  | Device: cuda
2026-02-21 12:47:23 | INFO  | Seed: 42
2026-02-21 12:47:23 | INFO  | Search input size: 112
2026-02-21 12:47:23 | INFO  | Classes: 834
2026-02-21 12:47:23 | INFO  | Search train: 3336, Search val: 3336
2026-02-21 12:47:23 | INFO  | 
============================================================
2026-02-21 12:47:23 | INFO  |   Stage 1/3
2026-02-21 12:47:23 | INFO  |   Cells: 5  |  Ops: 8  |  Epochs: 50
2026-02-21 12:47:23 | INFO  |   Primitives: ['none', 'skip_connect', 'sep_conv_3x3', 'sep_conv_5x5', 'dil_conv_3x3', 'dil_conv_5x5', 'avg_pool_3x3', 'max_pool_3x3']
2026-02-21 12:47:23 | INFO  | ============================================================
2026-02-21 12:47:23 | INFO  | Search model params: 1,487,826
2026-02-21 12:48:09 | INFO  |     batch    1/52 │ w=6.7293 a=0.0000 acc=0.0000
2026-02-21 12:53:38 | INFO  | P-DARTS Search Started at 2026-02-21T12:53:38.321469
2026-02-21 12:53:38 | INFO  | Device: cuda
2026-02-21 12:53:38 | INFO  | Seed: 42
2026-02-21 12:53:38 | INFO  | Search input size: 112
2026-02-21 12:53:38 | INFO  | Classes: 834
2026-02-21 12:53:38 | INFO  | Search train: 3336, Search val: 3336
2026-02-21 12:53:38 | INFO  | 
============================================================
2026-02-21 12:53:38 | INFO  |   Stage 1/3
2026-02-21 12:53:38 | INFO  |   Cells: 5  |  Ops: 8  |  Epochs: 50
2026-02-21 12:53:38 | INFO  |   Primitives: ['none', 'skip_connect', 'sep_conv_3x3', 'sep_conv_5x5', 'dil_conv_3x3', 'dil_conv_5x5', 'avg_pool_3x3', 'max_pool_3x3']
2026-02-21 12:53:38 | INFO  | ============================================================
2026-02-21 12:53:44 | INFO  | Search model params: 1,487,826
2026-02-21 13:03:00 | INFO  |     batch    1/52 │ w=6.7293 a=0.0000 acc=0.0000
2026-02-21 13:19:22 | INFO  |     batch   11/52 │ w=6.7370 a=0.0000 acc=0.0043
2026-02-21 14:31:17 | INFO  |     batch   11/52 │ w=6.7383 a=0.0000 acc=0.0028
2026-02-21 14:48:18 | INFO  |     batch   21/52 │ w=6.7420 a=0.0000 acc=0.0030
2026-02-21 16:10:11 | INFO  |     batch   21/52 │ w=6.7388 a=0.0000 acc=0.0030
2026-02-21 16:16:26 | INFO  |     batch   31/52 │ w=6.7400 a=0.0000 acc=0.0020
2026-02-21 17:43:00 | INFO  |     batch   41/52 │ w=6.7374 a=0.0000 acc=0.0023
2026-02-21 17:56:24 | INFO  |     batch   31/52 │ w=6.7389 a=0.0000 acc=0.0020
2026-02-21 19:09:45 | INFO  |     batch   51/52 │ w=6.7323 a=0.0000 acc=0.0021
2026-02-21 19:18:23 | INFO  |     batch   52/52 │ w=6.7312 a=0.0000 acc=0.0021
2026-02-21 19:42:19 | INFO  |     batch   41/52 │ w=6.7385 a=0.0000 acc=0.0019
2026-02-21 21:33:47 | INFO  |     batch   51/52 │ w=6.7343 a=0.0000 acc=0.0021
2026-02-21 21:44:54 | INFO  |     batch   52/52 │ w=6.7331 a=0.0000 acc=0.0021
2026-02-21 23:50:19 | INFO  |   S1 E  1/50 │ w_loss=6.7312  a_loss=0.0000  train_acc=0.0021 │ val_loss=6.7148  val_acc=0.0012 │ lr=0.02498  skip_drop=0.01  39762.8s
2026-02-21 23:59:36 | INFO  |     batch    1/52 │ w=6.7715 a=0.0000 acc=0.0156
2026-02-22 01:30:28 | INFO  |     batch   11/52 │ w=6.6661 a=0.0000 acc=0.0028
2026-02-22 03:00:51 | INFO  |   S1 E  1/50 │ w_loss=6.7331  a_loss=0.0000  train_acc=0.0021 │ val_loss=6.7268  val_acc=0.0024 │ lr=0.02498  skip_drop=0.01  50815.0s
2026-02-22 03:01:18 | INFO  |     batch   21/52 │ w=6.6701 a=0.0000 acc=0.0037
2026-02-22 03:12:01 | INFO  |     batch    1/52 │ w=6.6932 a=0.0000 acc=0.0000
2026-02-22 04:35:57 | INFO  |     batch   31/52 │ w=6.6608 a=0.0000 acc=0.0030
2026-02-22 05:05:18 | INFO  |     batch   11/52 │ w=6.6775 a=0.0000 acc=0.0014
2026-02-22 06:11:31 | INFO  |     batch   41/52 │ w=6.6504 a=0.0000 acc=0.0034
2026-02-22 07:05:42 | INFO  |     batch   21/52 │ w=6.6672 a=0.0000 acc=0.0030
2026-02-22 07:45:52 | INFO  |     batch   51/52 │ w=6.6420 a=0.0000 acc=0.0034
2026-02-22 07:54:47 | INFO  |     batch   52/52 │ w=6.6406 a=0.0000 acc=0.0033
2026-02-22 09:02:25 | INFO  |     batch   31/52 │ w=6.6596 a=0.0000 acc=0.0030
2026-02-22 10:56:52 | INFO  |     batch   41/52 │ w=6.6464 a=0.0000 acc=0.0038
2026-02-22 12:24:52 | INFO  |     batch    1/52 │ w=6.5110 a=0.0000 acc=0.0000
2026-02-22 12:48:53 | INFO  |     batch   51/52 │ w=6.6354 a=0.0000 acc=0.0055
2026-02-22 12:59:59 | INFO  |     batch   52/52 │ w=6.6331 a=0.0000 acc=0.0057
2026-02-22 13:56:31 | INFO  |     batch   11/52 │ w=6.5031 a=0.0000 acc=0.0071
2026-02-22 15:25:45 | INFO  |     batch   21/52 │ w=6.4899 a=0.0000 acc=0.0067
2026-02-22 16:55:09 | INFO  |     batch   31/52 │ w=6.4731 a=0.0000 acc=0.0066
