2026-02-25 20:22:16 | INFO  | NAS Retrain Started at 2026-02-25T20:22:16.291998
2026-02-25 20:22:16 | INFO  | Genotype loaded from nas_results/search/genotype_final.json
2026-02-25 20:22:16 | INFO  |   Normal: [('dil_conv_3x3', 1), ('dil_conv_3x3', 0), ('dil_conv_3x3', 1), ('dil_conv_3x3', 2), ('dil_conv_3x3', 2), ('dil_conv_3x3', 1), ('dil_conv_3x3', 4), ('dil_conv_3x3', 1)]
2026-02-25 20:22:16 | INFO  |   Reduce: [('dil_conv_3x3', 1), ('dil_conv_3x3', 0), ('skip_connect', 1), ('dil_conv_3x3', 2), ('dil_conv_3x3', 0), ('skip_connect', 1), ('dil_conv_3x3', 3), ('dil_conv_3x3', 1)]
2026-02-25 20:22:16 | INFO  | 
Model Architecture:
2026-02-25 20:22:16 | INFO  |   C_init     : 8
2026-02-25 20:22:16 | INFO  |   Cells      : 8
2026-02-25 20:22:16 | INFO  |   Auxiliary   : True
2026-02-25 20:22:16 | INFO  |   Parameters : 301,980
2026-02-25 20:22:16 | INFO  | 
Module                                         Params      %
------------------------------------------------------------
  stem                                            696   0.2%
  cells                                        69,472  23.0%
  _auxiliary_head                             124,226  41.1%
  global_pooling                                    0   0.0%
  dropout                                           0   0.0%
  classifier                                  107,586  35.6%
------------------------------------------------------------
  TOTAL                                       301,980 100.0%
2026-02-25 20:22:16 | INFO  |   ✓ Within target range [250,000, 400,000]
2026-02-25 20:22:16 | INFO  | 
============================================================
2026-02-25 20:22:16 | INFO  |   Training: 600 epochs
2026-02-25 20:22:16 | INFO  |   LR: 0.001, Weight Decay: 0.05
2026-02-25 20:22:16 | INFO  |   Warmup: 10 epochs
2026-02-25 20:22:16 | INFO  |   DropPath: 0 → 0.2
2026-02-25 20:22:16 | INFO  |   CutOut: 16px
2026-02-25 20:22:16 | INFO  |   Batch: 64
2026-02-25 20:22:16 | INFO  | ============================================================
2026-02-25 20:22:51 | INFO  |   E   1/600 │ train_loss=9.4303  acc=0.0015 │ val_loss=6.7307  acc=0.0012 │ lr=0.000109  dp=0.000  35.0s *** BEST
2026-02-25 20:23:25 | INFO  |   E   2/600 │ train_loss=9.4257  acc=0.0018 │ val_loss=6.7280  acc=0.0000 │ lr=0.000208  dp=0.001  33.6s *** BEST
2026-02-25 20:23:58 | INFO  |   E   3/600 │ train_loss=9.4163  acc=0.0017 │ val_loss=6.7141  acc=0.0000 │ lr=0.000307  dp=0.001  33.6s *** BEST
2026-02-25 20:24:32 | INFO  |   E   4/600 │ train_loss=9.3567  acc=0.0035 │ val_loss=6.5775  acc=0.0084 │ lr=0.000406  dp=0.001  34.0s *** BEST
2026-02-25 20:25:06 | INFO  |   E   5/600 │ train_loss=9.2103  acc=0.0060 │ val_loss=6.4104  acc=0.0060 │ lr=0.000505  dp=0.002  33.7s *** BEST
2026-02-25 20:27:54 | INFO  |   E  10/600 │ train_loss=8.6072  acc=0.0189 │ val_loss=6.2028  acc=0.0192 │ lr=0.001000  dp=0.003  33.6s
2026-02-25 20:33:31 | INFO  |   E  20/600 │ train_loss=7.2929  acc=0.1956 │ val_loss=5.2997  acc=0.1343 │ lr=0.000999  dp=0.007  33.7s
2026-02-25 20:39:08 | INFO  |   E  30/600 │ train_loss=6.2349  acc=0.4817 │ val_loss=5.8141  acc=0.1031 │ lr=0.000997  dp=0.010  33.7s
2026-02-25 20:44:46 | INFO  |   E  40/600 │ train_loss=5.3717  acc=0.7209 │ val_loss=4.0857  acc=0.4928 │ lr=0.000994  dp=0.013  33.7s
2026-02-25 20:50:23 | INFO  |   E  50/600 │ train_loss=4.7107  acc=0.8571 │ val_loss=3.4468  acc=0.7002 │ lr=0.000989  dp=0.017  33.7s
2026-02-25 20:56:01 | INFO  |   E  60/600 │ train_loss=4.3446  acc=0.9102 │ val_loss=3.2299  acc=0.7722 │ lr=0.000982  dp=0.020  33.8s
2026-02-25 21:01:37 | INFO  |   E  70/600 │ train_loss=4.0788  acc=0.9459 │ val_loss=2.8016  acc=0.8969 │ lr=0.000975  dp=0.023  33.6s *** BEST
2026-02-25 21:07:14 | INFO  |   E  80/600 │ train_loss=3.9145  acc=0.9620 │ val_loss=2.9542  acc=0.8321 │ lr=0.000966  dp=0.027  33.6s
2026-02-25 21:12:50 | INFO  |   E  90/600 │ train_loss=3.8160  acc=0.9669 │ val_loss=3.1816  acc=0.7878 │ lr=0.000955  dp=0.030  33.7s
2026-02-25 21:18:27 | INFO  |   E 100/600 │ train_loss=3.7270  acc=0.9755 │ val_loss=2.6961  acc=0.9197 │ lr=0.000944  dp=0.033  33.6s
2026-02-25 21:24:03 | INFO  |   E 110/600 │ train_loss=3.6752  acc=0.9778 │ val_loss=2.8495  acc=0.8765 │ lr=0.000931  dp=0.037  33.7s
2026-02-25 21:29:40 | INFO  |   E 120/600 │ train_loss=3.6308  acc=0.9812 │ val_loss=2.4817  acc=0.9604 │ lr=0.000917  dp=0.040  33.6s
2026-02-25 21:35:16 | INFO  |   E 130/600 │ train_loss=3.5833  acc=0.9848 │ val_loss=2.4904  acc=0.9616 │ lr=0.000901  dp=0.043  33.6s
2026-02-25 21:40:52 | INFO  |   E 140/600 │ train_loss=3.5649  acc=0.9874 │ val_loss=2.4827  acc=0.9568 │ lr=0.000885  dp=0.047  33.7s
2026-02-25 21:46:29 | INFO  |   E 150/600 │ train_loss=3.5311  acc=0.9887 │ val_loss=2.4118  acc=0.9760 │ lr=0.000868  dp=0.050  33.7s
2026-02-25 21:52:05 | INFO  |   E 160/600 │ train_loss=3.5199  acc=0.9896 │ val_loss=2.4797  acc=0.9544 │ lr=0.000849  dp=0.053  33.7s
2026-02-25 21:55:53 | INFO  | NAS Retrain Started at 2026-02-25T21:55:53.183515
2026-02-25 21:55:53 | INFO  | Genotype loaded from nas_results/search_run3_low_diversity/genotype_final.json
2026-02-25 21:55:53 | INFO  |   Normal: [('dil_conv_3x3', 1), ('dil_conv_3x3', 0), ('dil_conv_3x3', 1), ('dil_conv_3x3', 2), ('dil_conv_3x3', 2), ('dil_conv_3x3', 1), ('dil_conv_3x3', 4), ('dil_conv_3x3', 1)]
2026-02-25 21:55:53 | INFO  |   Reduce: [('dil_conv_3x3', 1), ('dil_conv_3x3', 0), ('skip_connect', 1), ('dil_conv_3x3', 2), ('dil_conv_3x3', 0), ('skip_connect', 1), ('dil_conv_3x3', 3), ('dil_conv_3x3', 1)]
2026-02-25 21:55:53 | INFO  | 
Model Architecture:
2026-02-25 21:55:53 | INFO  |   C_init     : 8
2026-02-25 21:55:53 | INFO  |   Cells      : 8
2026-02-25 21:55:53 | INFO  |   Auxiliary   : True
2026-02-25 21:55:53 | INFO  |   Parameters : 301,980
2026-02-25 21:55:53 | INFO  | 
Module                                         Params      %
------------------------------------------------------------
  stem                                            696   0.2%
  cells                                        69,472  23.0%
  _auxiliary_head                             124,226  41.1%
  global_pooling                                    0   0.0%
  dropout                                           0   0.0%
  classifier                                  107,586  35.6%
------------------------------------------------------------
  TOTAL                                       301,980 100.0%
2026-02-25 21:55:53 | INFO  |   ✓ Within target range [250,000, 400,000]
2026-02-25 21:55:53 | INFO  | 
============================================================
2026-02-25 21:55:53 | INFO  |   Training: 300 epochs
2026-02-25 21:55:53 | INFO  |   LR: 0.001, Weight Decay: 0.05
2026-02-25 21:55:53 | INFO  |   Warmup: 10 epochs
2026-02-25 21:55:53 | INFO  |   DropPath: 0 → 0.2
2026-02-25 21:55:53 | INFO  |   CutOut: 16px
2026-02-25 21:55:53 | INFO  |   Batch: 64
2026-02-25 21:55:53 | INFO  | ============================================================
2026-02-25 21:56:28 | INFO  |   E   1/300 │ train_loss=9.4304  acc=0.0018 │ val_loss=6.7307  acc=0.0012 │ lr=0.000109  dp=0.001  34.9s *** BEST
2026-02-25 21:57:02 | INFO  |   E   2/300 │ train_loss=9.4260  acc=0.0009 │ val_loss=6.7280  acc=0.0012 │ lr=0.000208  dp=0.001  33.6s *** BEST
2026-02-25 21:57:35 | INFO  |   E   3/300 │ train_loss=9.4170  acc=0.0011 │ val_loss=6.7171  acc=0.0024 │ lr=0.000307  dp=0.002  33.7s *** BEST
2026-02-25 21:58:09 | INFO  |   E   4/300 │ train_loss=9.3626  acc=0.0039 │ val_loss=6.6133  acc=0.0084 │ lr=0.000406  dp=0.003  33.6s *** BEST
2026-02-25 21:58:43 | INFO  |   E   5/300 │ train_loss=9.2247  acc=0.0051 │ val_loss=6.5561  acc=0.0072 │ lr=0.000505  dp=0.003  33.7s *** BEST
2026-02-25 22:01:31 | INFO  |   E  10/300 │ train_loss=8.7620  acc=0.0158 │ val_loss=6.2308  acc=0.0156 │ lr=0.001000  dp=0.007  33.7s
2026-02-25 22:07:07 | INFO  |   E  20/300 │ train_loss=7.4505  acc=0.1508 │ val_loss=5.7469  acc=0.0743 │ lr=0.000997  dp=0.013  33.6s
2026-02-25 22:12:43 | INFO  |   E  30/300 │ train_loss=6.3511  acc=0.4364 │ val_loss=5.3590  acc=0.1751 │ lr=0.000988  dp=0.020  33.6s
2026-02-25 22:18:20 | INFO  |   E  40/300 │ train_loss=5.5039  acc=0.6813 │ val_loss=4.7650  acc=0.3249 │ lr=0.000974  dp=0.027  33.6s
2026-02-25 22:23:56 | INFO  |   E  50/300 │ train_loss=4.9247  acc=0.8154 │ val_loss=3.7258  acc=0.6163 │ lr=0.000954  dp=0.033  33.6s
2026-02-25 22:29:32 | INFO  |   E  60/300 │ train_loss=4.5147  acc=0.8888 │ val_loss=3.0762  acc=0.8381 │ lr=0.000929  dp=0.040  33.7s *** BEST
2026-02-25 22:35:09 | INFO  |   E  70/300 │ train_loss=4.2639  acc=0.9247 │ val_loss=4.2724  acc=0.4005 │ lr=0.000898  dp=0.047  33.7s
2026-02-25 22:40:45 | INFO  |   E  80/300 │ train_loss=4.1163  acc=0.9422 │ val_loss=3.1271  acc=0.8058 │ lr=0.000863  dp=0.053  33.6s
2026-02-25 22:46:21 | INFO  |   E  90/300 │ train_loss=4.0117  acc=0.9525 │ val_loss=2.8465  acc=0.8813 │ lr=0.000824  dp=0.060  33.6s
2026-02-25 22:51:58 | INFO  |   E 100/300 │ train_loss=3.9377  acc=0.9566 │ val_loss=2.6650  acc=0.9269 │ lr=0.000781  dp=0.067  33.7s
2026-02-25 22:57:34 | INFO  |   E 110/300 │ train_loss=3.8842  acc=0.9648 │ val_loss=2.6868  acc=0.9341 │ lr=0.000734  dp=0.073  33.7s
2026-02-25 23:03:10 | INFO  |   E 120/300 │ train_loss=3.8514  acc=0.9656 │ val_loss=2.7356  acc=0.9089 │ lr=0.000685  dp=0.080  33.7s
2026-02-25 23:08:47 | INFO  |   E 130/300 │ train_loss=3.8094  acc=0.9698 │ val_loss=2.7499  acc=0.9089 │ lr=0.000634  dp=0.087  33.6s
2026-02-25 23:14:23 | INFO  |   E 140/300 │ train_loss=3.7983  acc=0.9710 │ val_loss=2.5023  acc=0.9652 │ lr=0.000581  dp=0.093  33.6s
2026-02-25 23:20:00 | INFO  |   E 150/300 │ train_loss=3.7703  acc=0.9751 │ val_loss=2.6445  acc=0.9412 │ lr=0.000528  dp=0.100  33.6s
2026-02-25 23:25:36 | INFO  |   E 160/300 │ train_loss=3.7659  acc=0.9713 │ val_loss=2.4337  acc=0.9784 │ lr=0.000473  dp=0.107  33.7s *** BEST
2026-02-25 23:31:12 | INFO  |   E 170/300 │ train_loss=3.7540  acc=0.9740 │ val_loss=2.5634  acc=0.9496 │ lr=0.000420  dp=0.113  33.7s
2026-02-25 23:36:49 | INFO  |   E 180/300 │ train_loss=3.7481  acc=0.9745 │ val_loss=2.4244  acc=0.9796 │ lr=0.000367  dp=0.120  33.5s *** BEST
2026-02-25 23:42:25 | INFO  |   E 190/300 │ train_loss=3.7576  acc=0.9728 │ val_loss=2.4234  acc=0.9724 │ lr=0.000316  dp=0.127  33.6s *** BEST
2026-02-25 23:48:01 | INFO  |   E 200/300 │ train_loss=3.7486  acc=0.9713 │ val_loss=2.4410  acc=0.9760 │ lr=0.000267  dp=0.133  33.6s
2026-02-25 23:53:38 | INFO  |   E 210/300 │ train_loss=3.7477  acc=0.9748 │ val_loss=2.4329  acc=0.9808 │ lr=0.000220  dp=0.140  33.7s
2026-02-25 23:59:13 | INFO  |   E 220/300 │ train_loss=3.7586  acc=0.9740 │ val_loss=2.4119  acc=0.9808 │ lr=0.000177  dp=0.147  33.6s
2026-02-26 00:04:50 | INFO  |   E 230/300 │ train_loss=3.7771  acc=0.9736 │ val_loss=2.4343  acc=0.9784 │ lr=0.000138  dp=0.153  33.7s
2026-02-26 00:10:26 | INFO  |   E 240/300 │ train_loss=3.7661  acc=0.9715 │ val_loss=2.4105  acc=0.9796 │ lr=0.000103  dp=0.160  33.7s
2026-02-26 00:16:03 | INFO  |   E 250/300 │ train_loss=3.7755  acc=0.9740 │ val_loss=2.4141  acc=0.9808 │ lr=0.000072  dp=0.167  33.7s
2026-02-26 00:21:39 | INFO  |   E 260/300 │ train_loss=3.8154  acc=0.9695 │ val_loss=2.4280  acc=0.9796 │ lr=0.000047  dp=0.173  33.6s
2026-02-26 00:27:15 | INFO  |   E 270/300 │ train_loss=3.8218  acc=0.9674 │ val_loss=2.4162  acc=0.9820 │ lr=0.000027  dp=0.180  33.7s
2026-02-26 00:32:52 | INFO  |   E 280/300 │ train_loss=3.8582  acc=0.9621 │ val_loss=2.4197  acc=0.9796 │ lr=0.000013  dp=0.187  33.6s
2026-02-26 00:38:28 | INFO  |   E 290/300 │ train_loss=3.8696  acc=0.9632 │ val_loss=2.4228  acc=0.9784 │ lr=0.000004  dp=0.193  33.7s
2026-02-26 00:44:05 | INFO  |   E 300/300 │ train_loss=3.9114  acc=0.9594 │ val_loss=2.4275  acc=0.9784 │ lr=0.000001  dp=0.200  33.7s
2026-02-26 00:44:05 | INFO  | 
Training completed in 168.2 min
2026-02-26 00:44:05 | INFO  | Best val_loss: 2.404872 at epoch 247
2026-02-26 00:44:05 | INFO  | 
── Evaluating best model (epoch 247) ──
2026-02-26 00:44:14 | INFO  | 
  Test Results (NAS-PDARTS):
2026-02-26 00:44:14 | INFO  |     Accuracy  : 98.44%
2026-02-26 00:44:14 | INFO  |     Precision : 0.9772
2026-02-26 00:44:14 | INFO  |     Recall    : 0.9844
2026-02-26 00:44:14 | INFO  |     F1 Score  : 0.9796
2026-02-26 00:44:14 | INFO  |     AUC       : 0.9999337864642259
2026-02-26 00:44:14 | INFO  |     EER       : 6.621353577606332e-05
2026-02-26 00:44:14 | INFO  |     Params    : 301,980
2026-02-26 00:44:14 | INFO  |     Size      : 1.17 MB
2026-02-26 00:44:14 | INFO  |     FLOPs     : 670.7 M
2026-02-26 00:44:14 | INFO  | 
Generating plots...
2026-02-26 00:44:26 | INFO  | 
── Evaluating last model (epoch 300) ──
2026-02-26 01:20:43 | INFO  | NAS Retrain Started at 2026-02-26T01:20:43.163032
2026-02-26 01:20:43 | INFO  | Genotype loaded from nas_results/search_run3_low_diversity/genotype_final.json
2026-02-26 01:20:43 | INFO  |   Normal: [('dil_conv_3x3', 1), ('dil_conv_3x3', 0), ('dil_conv_3x3', 1), ('dil_conv_3x3', 2), ('dil_conv_3x3', 2), ('dil_conv_3x3', 1), ('dil_conv_3x3', 4), ('dil_conv_3x3', 1)]
2026-02-26 01:20:43 | INFO  |   Reduce: [('dil_conv_3x3', 1), ('dil_conv_3x3', 0), ('skip_connect', 1), ('dil_conv_3x3', 2), ('dil_conv_3x3', 0), ('skip_connect', 1), ('dil_conv_3x3', 3), ('dil_conv_3x3', 1)]
2026-02-26 01:20:43 | INFO  | 
Model Architecture:
2026-02-26 01:20:43 | INFO  |   C_init     : 8
2026-02-26 01:20:43 | INFO  |   Cells      : 8
2026-02-26 01:20:43 | INFO  |   Auxiliary   : True
2026-02-26 01:20:43 | INFO  |   Parameters : 301,980
2026-02-26 01:20:43 | INFO  | 
Module                                         Params      %
------------------------------------------------------------
  stem                                            696   0.2%
  cells                                        69,472  23.0%
  _auxiliary_head                             124,226  41.1%
  global_pooling                                    0   0.0%
  dropout                                           0   0.0%
  classifier                                  107,586  35.6%
------------------------------------------------------------
  TOTAL                                       301,980 100.0%
2026-02-26 01:20:43 | INFO  |   ✓ Within target range [250,000, 400,000]
2026-02-26 01:20:43 | INFO  | 
============================================================
2026-02-26 01:20:43 | INFO  |   Training: 300 epochs
2026-02-26 01:20:43 | INFO  |   LR: 0.001, Weight Decay: 0.05
2026-02-26 01:20:43 | INFO  |   Warmup: 10 epochs
2026-02-26 01:20:43 | INFO  |   DropPath: 0 → 0.2
2026-02-26 01:20:43 | INFO  |   CutOut: 16px
2026-02-26 01:20:43 | INFO  |   Batch: 64
2026-02-26 01:20:43 | INFO  | ============================================================
2026-02-26 01:21:18 | INFO  |   E   1/300 │ train_loss=9.4304  acc=0.0018 │ val_loss=6.7307  acc=0.0012 │ lr=0.000109  dp=0.001  34.8s *** BEST
